<?xml version="1.0" encoding="UTF-8"?>
<testsuite name="com.jojo.book.springboot.domain.posts.PostsRepositoryTest" tests="2" skipped="0" failures="0" errors="0" timestamp="2020-05-12T06:49:56" hostname="DESKTOP-4MMDPAE" time="0.41">
  <properties/>
  <testcase name="board_return" classname="com.jojo.book.springboot.domain.posts.PostsRepositoryTest" time="0.378"/>
  <testcase name="BaseTimeEntity_write" classname="com.jojo.book.springboot.domain.posts.PostsRepositoryTest" time="0.031"/>
  <system-out><![CDATA[15:49:46.965 [Test worker] DEBUG org.springframework.test.context.junit4.SpringJUnit4ClassRunner - SpringJUnit4ClassRunner constructor called with [class com.jojo.book.springboot.domain.posts.PostsRepositoryTest]
15:49:46.979 [Test worker] DEBUG org.springframework.test.context.BootstrapUtils - Instantiating CacheAwareContextLoaderDelegate from class [org.springframework.test.context.cache.DefaultCacheAwareContextLoaderDelegate]
15:49:46.996 [Test worker] DEBUG org.springframework.test.context.BootstrapUtils - Instantiating BootstrapContext using constructor [public org.springframework.test.context.support.DefaultBootstrapContext(java.lang.Class,org.springframework.test.context.CacheAwareContextLoaderDelegate)]
15:49:47.048 [Test worker] DEBUG org.springframework.test.context.BootstrapUtils - Instantiating TestContextBootstrapper for test class [com.jojo.book.springboot.domain.posts.PostsRepositoryTest] from class [org.springframework.boot.test.context.SpringBootTestContextBootstrapper]
15:49:47.078 [Test worker] INFO org.springframework.boot.test.context.SpringBootTestContextBootstrapper - Neither @ContextConfiguration nor @ContextHierarchy found for test class [com.jojo.book.springboot.domain.posts.PostsRepositoryTest], using SpringBootContextLoader
15:49:47.088 [Test worker] DEBUG org.springframework.test.context.support.AbstractContextLoader - Did not detect default resource location for test class [com.jojo.book.springboot.domain.posts.PostsRepositoryTest]: class path resource [com/jojo/book/springboot/domain/posts/PostsRepositoryTest-context.xml] does not exist
15:49:47.089 [Test worker] DEBUG org.springframework.test.context.support.AbstractContextLoader - Did not detect default resource location for test class [com.jojo.book.springboot.domain.posts.PostsRepositoryTest]: class path resource [com/jojo/book/springboot/domain/posts/PostsRepositoryTestContext.groovy] does not exist
15:49:47.089 [Test worker] INFO org.springframework.test.context.support.AbstractContextLoader - Could not detect default resource locations for test class [com.jojo.book.springboot.domain.posts.PostsRepositoryTest]: no resource found for suffixes {-context.xml, Context.groovy}.
15:49:47.093 [Test worker] INFO org.springframework.test.context.support.AnnotationConfigContextLoaderUtils - Could not detect default configuration classes for test class [com.jojo.book.springboot.domain.posts.PostsRepositoryTest]: PostsRepositoryTest does not declare any static, non-private, non-final, nested classes annotated with @Configuration.
15:49:47.194 [Test worker] DEBUG org.springframework.test.context.support.ActiveProfilesUtils - Could not find an 'annotation declaring class' for annotation type [org.springframework.test.context.ActiveProfiles] and class [com.jojo.book.springboot.domain.posts.PostsRepositoryTest]
15:49:47.372 [Test worker] DEBUG org.springframework.context.annotation.ClassPathScanningCandidateComponentProvider - Identified candidate component class: file [D:\ sungmon-sts-workspace\frealec-springboot2-webservice\build\classes\java\main\com\jojo\book\springboot\Application.class]
15:49:47.374 [Test worker] INFO org.springframework.boot.test.context.SpringBootTestContextBootstrapper - Found @SpringBootConfiguration com.jojo.book.springboot.Application for test class com.jojo.book.springboot.domain.posts.PostsRepositoryTest
15:49:47.552 [Test worker] DEBUG org.springframework.boot.test.context.SpringBootTestContextBootstrapper - @TestExecutionListeners is not present for class [com.jojo.book.springboot.domain.posts.PostsRepositoryTest]: using defaults.
15:49:47.553 [Test worker] INFO org.springframework.boot.test.context.SpringBootTestContextBootstrapper - Loaded default TestExecutionListener class names from location [META-INF/spring.factories]: [org.springframework.security.test.context.support.WithSecurityContextTestExecutionListener, org.springframework.security.test.context.support.ReactorContextTestExecutionListener, org.springframework.boot.test.autoconfigure.restdocs.RestDocsTestExecutionListener, org.springframework.boot.test.autoconfigure.web.client.MockRestServiceServerResetTestExecutionListener, org.springframework.boot.test.autoconfigure.web.servlet.MockMvcPrintOnlyOnFailureTestExecutionListener, org.springframework.boot.test.autoconfigure.web.servlet.WebDriverTestExecutionListener, org.springframework.boot.test.mock.mockito.MockitoTestExecutionListener, org.springframework.boot.test.mock.mockito.ResetMocksTestExecutionListener, org.springframework.test.context.web.ServletTestExecutionListener, org.springframework.test.context.support.DirtiesContextBeforeModesTestExecutionListener, org.springframework.test.context.support.DependencyInjectionTestExecutionListener, org.springframework.test.context.support.DirtiesContextTestExecutionListener, org.springframework.test.context.transaction.TransactionalTestExecutionListener, org.springframework.test.context.jdbc.SqlScriptsTestExecutionListener]
15:49:47.602 [Test worker] INFO org.springframework.boot.test.context.SpringBootTestContextBootstrapper - Using TestExecutionListeners: [org.springframework.test.context.web.ServletTestExecutionListener@6699fcb0, org.springframework.test.context.support.DirtiesContextBeforeModesTestExecutionListener@38bea5a7, org.springframework.boot.test.mock.mockito.MockitoTestExecutionListener@b13d6e4, org.springframework.boot.test.autoconfigure.SpringBootDependencyInjectionTestExecutionListener@9daa667, org.springframework.test.context.support.DirtiesContextTestExecutionListener@208fb790, org.springframework.test.context.transaction.TransactionalTestExecutionListener@6dd1adbb, org.springframework.test.context.jdbc.SqlScriptsTestExecutionListener@78e0f213, org.springframework.security.test.context.support.WithSecurityContextTestExecutionListener@24559af6, org.springframework.security.test.context.support.ReactorContextTestExecutionListener@79bb8adb, org.springframework.boot.test.autoconfigure.restdocs.RestDocsTestExecutionListener@19e74c22, org.springframework.boot.test.autoconfigure.web.client.MockRestServiceServerResetTestExecutionListener@66684567, org.springframework.boot.test.autoconfigure.web.servlet.MockMvcPrintOnlyOnFailureTestExecutionListener@6ee2e176, org.springframework.boot.test.autoconfigure.web.servlet.WebDriverTestExecutionListener@4baa5323, org.springframework.boot.test.mock.mockito.ResetMocksTestExecutionListener@688f9028]
15:49:47.607 [Test worker] DEBUG org.springframework.test.annotation.ProfileValueUtils - Retrieved @ProfileValueSourceConfiguration [null] for test class [com.jojo.book.springboot.domain.posts.PostsRepositoryTest]
15:49:47.607 [Test worker] DEBUG org.springframework.test.annotation.ProfileValueUtils - Retrieved ProfileValueSource type [class org.springframework.test.annotation.SystemProfileValueSource] for class [com.jojo.book.springboot.domain.posts.PostsRepositoryTest]
15:49:47.608 [Test worker] DEBUG org.springframework.test.annotation.ProfileValueUtils - Retrieved @ProfileValueSourceConfiguration [null] for test class [com.jojo.book.springboot.domain.posts.PostsRepositoryTest]
15:49:47.609 [Test worker] DEBUG org.springframework.test.annotation.ProfileValueUtils - Retrieved ProfileValueSource type [class org.springframework.test.annotation.SystemProfileValueSource] for class [com.jojo.book.springboot.domain.posts.PostsRepositoryTest]
15:49:47.618 [Test worker] DEBUG org.springframework.test.context.support.AbstractDirtiesContextTestExecutionListener - Before test class: context [DefaultTestContext@6aec03ac testClass = PostsRepositoryTest, testInstance = [null], testMethod = [null], testException = [null], mergedContextConfiguration = [WebMergedContextConfiguration@55d5d4fb testClass = PostsRepositoryTest, locations = '{}', classes = '{class com.jojo.book.springboot.Application}', contextInitializerClasses = '[]', activeProfiles = '{}', propertySourceLocations = '{}', propertySourceProperties = '{org.springframework.boot.test.context.SpringBootTestContextBootstrapper=true}', contextCustomizers = set[org.springframework.boot.test.autoconfigure.properties.PropertyMappingContextCustomizer@0, org.springframework.boot.test.autoconfigure.web.servlet.WebDriverContextCustomizerFactory$Customizer@525fe2ea, org.springframework.boot.test.context.filter.ExcludeFilterContextCustomizer@6719ff74, org.springframework.boot.test.json.DuplicateJsonObjectContextCustomizerFactory$DuplicateJsonObjectContextCustomizer@6ac67908, org.springframework.boot.test.mock.mockito.MockitoContextCustomizer@0, org.springframework.boot.test.web.client.TestRestTemplateContextCustomizer@32e1cfd1], resourceBasePath = 'src/main/webapp', contextLoader = 'org.springframework.boot.test.context.SpringBootContextLoader', parent = [null]], attributes = map['org.springframework.test.context.web.ServletTestExecutionListener.activateListener' -> true]], class annotated with @DirtiesContext [false] with mode [null].
15:49:47.619 [Test worker] DEBUG org.springframework.test.annotation.ProfileValueUtils - Retrieved @ProfileValueSourceConfiguration [null] for test class [com.jojo.book.springboot.domain.posts.PostsRepositoryTest]
15:49:47.619 [Test worker] DEBUG org.springframework.test.annotation.ProfileValueUtils - Retrieved ProfileValueSource type [class org.springframework.test.annotation.SystemProfileValueSource] for class [com.jojo.book.springboot.domain.posts.PostsRepositoryTest]
15:49:47.655 [Test worker] DEBUG org.springframework.test.context.support.TestPropertySourceUtils - Adding inlined properties to environment: {spring.jmx.enabled=false, org.springframework.boot.test.context.SpringBootTestContextBootstrapper=true, server.port=-1}

  .   ____          _            __ _ _
 /\\ / ___'_ __ _ _(_)_ __  __ _ \ \ \ \
( ( )\___ | '_ | '_| | '_ \/ _` | \ \ \ \
 \\/  ___)| |_)| | | | | || (_| |  ) ) ) )
  '  |____| .__|_| |_|_| |_\__, | / / / /
 =========|_|==============|___/=/_/_/_/
 :: Spring Boot ::        (v2.1.7.RELEASE)

2020-05-12 15:49:48.179  INFO 13112 --- [    Test worker] c.j.b.s.d.posts.PostsRepositoryTest      : Starting PostsRepositoryTest on DESKTOP-4MMDPAE with PID 13112 (started by hong in D:\ sungmon-sts-workspace\frealec-springboot2-webservice)
2020-05-12 15:49:48.180  INFO 13112 --- [    Test worker] c.j.b.s.d.posts.PostsRepositoryTest      : The following profiles are active: oauth
2020-05-12 15:49:49.618  INFO 13112 --- [    Test worker] .s.d.r.c.RepositoryConfigurationDelegate : Bootstrapping Spring Data repositories in DEFAULT mode.
2020-05-12 15:49:49.752  INFO 13112 --- [    Test worker] .s.d.r.c.RepositoryConfigurationDelegate : Finished Spring Data repository scanning in 121ms. Found 2 repository interfaces.
2020-05-12 15:49:50.655  INFO 13112 --- [    Test worker] trationDelegate$BeanPostProcessorChecker : Bean 'org.springframework.transaction.annotation.ProxyTransactionManagementConfiguration' of type [org.springframework.transaction.annotation.ProxyTransactionManagementConfiguration$$EnhancerBySpringCGLIB$$1527d99a] is not eligible for getting processed by all BeanPostProcessors (for example: not eligible for auto-proxying)
2020-05-12 15:49:51.041  INFO 13112 --- [    Test worker] com.zaxxer.hikari.HikariDataSource       : HikariPool-1 - Starting...
2020-05-12 15:49:51.229  INFO 13112 --- [    Test worker] com.zaxxer.hikari.HikariDataSource       : HikariPool-1 - Start completed.
2020-05-12 15:49:51.396  INFO 13112 --- [    Test worker] o.hibernate.jpa.internal.util.LogHelper  : HHH000204: Processing PersistenceUnitInfo [
	name: default
	...]
2020-05-12 15:49:51.497  INFO 13112 --- [    Test worker] org.hibernate.Version                    : HHH000412: Hibernate Core {5.3.10.Final}
2020-05-12 15:49:51.499  INFO 13112 --- [    Test worker] org.hibernate.cfg.Environment            : HHH000206: hibernate.properties not found
2020-05-12 15:49:51.703  INFO 13112 --- [    Test worker] o.hibernate.annotations.common.Version   : HCANN000001: Hibernate Commons Annotations {5.0.4.Final}
2020-05-12 15:49:51.995  INFO 13112 --- [    Test worker] org.hibernate.dialect.Dialect            : HHH000400: Using dialect: org.hibernate.dialect.H2Dialect
Hibernate: drop table posts if exists
Hibernate: drop table user if exists
Hibernate: create table posts (id bigint generated by default as identity, created_date timestamp, modified_date timestamp, author varchar(255), content TEXT not null, title varchar(500) not null, primary key (id))
Hibernate: create table user (id bigint generated by default as identity, created_date timestamp, modified_date timestamp, email varchar(255) not null, name varchar(255) not null, picture varchar(255), role varchar(255) not null, primary key (id))
2020-05-12 15:49:52.778  INFO 13112 --- [    Test worker] o.h.t.schema.internal.SchemaCreatorImpl  : HHH000476: Executing import script 'org.hibernate.tool.schema.internal.exec.ScriptSourceInputNonExistentImpl@7e4412d7'
2020-05-12 15:49:52.782  INFO 13112 --- [    Test worker] j.LocalContainerEntityManagerFactoryBean : Initialized JPA EntityManagerFactory for persistence unit 'default'
2020-05-12 15:49:53.604  INFO 13112 --- [    Test worker] o.h.h.i.QueryTranslatorFactoryInitiator  : HHH000397: Using ASTQueryTranslatorFactory
2020-05-12 15:49:54.602  INFO 13112 --- [    Test worker] o.s.s.web.DefaultSecurityFilterChain     : Creating filter chain: any request, [org.springframework.security.web.context.request.async.WebAsyncManagerIntegrationFilter@1b58515e, org.springframework.security.web.context.SecurityContextPersistenceFilter@58de05c5, org.springframework.security.web.header.HeaderWriterFilter@5a2f7a69, org.springframework.security.web.authentication.logout.LogoutFilter@1d77d4bc, org.springframework.security.oauth2.client.web.OAuth2AuthorizationRequestRedirectFilter@316eb1ad, org.springframework.security.oauth2.client.web.OAuth2LoginAuthenticationFilter@429c5885, org.springframework.security.web.authentication.ui.DefaultLoginPageGeneratingFilter@14852a5, org.springframework.security.web.authentication.ui.DefaultLogoutPageGeneratingFilter@72fa4c2e, org.springframework.security.web.savedrequest.RequestCacheAwareFilter@49f7d69b, org.springframework.security.web.servletapi.SecurityContextHolderAwareRequestFilter@541d80db, org.springframework.security.web.authentication.AnonymousAuthenticationFilter@3c192065, org.springframework.security.web.session.SessionManagementFilter@45a8fe65, org.springframework.security.web.access.ExceptionTranslationFilter@2027d265, org.springframework.security.web.access.intercept.FilterSecurityInterceptor@2fe1d3b1]
2020-05-12 15:49:55.472  INFO 13112 --- [    Test worker] o.s.s.concurrent.ThreadPoolTaskExecutor  : Initializing ExecutorService 'applicationTaskExecutor'
2020-05-12 15:49:55.563  WARN 13112 --- [    Test worker] aWebConfiguration$JpaWebMvcConfiguration : spring.jpa.open-in-view is enabled by default. Therefore, database queries may be performed during view rendering. Explicitly configure spring.jpa.open-in-view to disable this warning
2020-05-12 15:49:55.648  INFO 13112 --- [    Test worker] o.s.b.a.w.s.WelcomePageHandlerMapping    : Adding welcome page template: index
2020-05-12 15:49:56.511  INFO 13112 --- [    Test worker] s.a.ScheduledAnnotationBeanPostProcessor : No TaskScheduler/ScheduledExecutorService bean found for scheduled processing
2020-05-12 15:49:56.525  INFO 13112 --- [    Test worker] c.j.b.s.d.posts.PostsRepositoryTest      : Started PostsRepositoryTest in 8.854 seconds (JVM running for 10.397)
Hibernate: insert into posts (id, created_date, modified_date, author, content, title) values (null, ?, ?, ?, ?, ?)
Hibernate: select posts0_.id as id1_0_, posts0_.created_date as created_2_0_, posts0_.modified_date as modified3_0_, posts0_.author as author4_0_, posts0_.content as content5_0_, posts0_.title as title6_0_ from posts posts0_
Hibernate: select posts0_.id as id1_0_, posts0_.created_date as created_2_0_, posts0_.modified_date as modified3_0_, posts0_.author as author4_0_, posts0_.content as content5_0_, posts0_.title as title6_0_ from posts posts0_
Hibernate: delete from posts where id=?
Hibernate: insert into posts (id, created_date, modified_date, author, content, title) values (null, ?, ?, ?, ?, ?)
Hibernate: select posts0_.id as id1_0_, posts0_.created_date as created_2_0_, posts0_.modified_date as modified3_0_, posts0_.author as author4_0_, posts0_.content as content5_0_, posts0_.title as title6_0_ from posts posts0_
>>>>>>>>>>>>>>>>>>> createDate=2020-05-12T15:49:56.945, modifiedDate=2020-05-12T15:49:56.945
Hibernate: select posts0_.id as id1_0_, posts0_.created_date as created_2_0_, posts0_.modified_date as modified3_0_, posts0_.author as author4_0_, posts0_.content as content5_0_, posts0_.title as title6_0_ from posts posts0_
Hibernate: delete from posts where id=?
]]></system-out>
  <system-err><![CDATA[]]></system-err>
</testsuite>
