<?xml version="1.0" encoding="UTF-8"?>
<testsuite name="com.jojo.book.springboot.web.dto.HelloResponseDtoTest" tests="1" skipped="0" failures="0" errors="0" timestamp="2020-05-13T08:14:07" hostname="DESKTOP-4MMDPAE" time="0.143">
  <properties/>
  <testcase name="lombok_test" classname="com.jojo.book.springboot.web.dto.HelloResponseDtoTest" time="0.143"/>
  <system-out><![CDATA[]]></system-out>
  <system-err><![CDATA[]]></system-err>
</testsuite>
